#
# A fatal error has been detected by the Java Runtime Environment:
#
#  EXCEPTION_ACCESS_VIOLATION (0xc0000005) at pc=0x6d166b30, pid=8808, tid=9028
#
# JRE version: 6.0_24-b07
# Java VM: Java HotSpot(TM) Client VM (19.1-b02 mixed mode, sharing windows-x86 )
# Problematic frame:
# C  [awt.dll+0xb6b30]
#
# If you would like to submit a bug report, please visit:
#   http://java.sun.com/webapps/bugreport/crash.jsp
# The crash happened outside the Java Virtual Machine in native code.
# See problematic frame for where to report the bug.
#

---------------  T H R E A D  ---------------

Current thread (0x02608c00):  JavaThread "AWT-Windows" daemon [_thread_in_native, id=9028, stack(0x04fc0000,0x05010000)]

siginfo: ExceptionCode=0xc0000005, reading address 0x00000000

Registers:
EAX=0x0500fac8, EBX=0x0580cf48, ECX=0x000002d8, EDX=0x00000180
ESP=0x0500fab0, EBP=0x76711450, ESI=0x00000000, EDI=0x00000180
EIP=0x6d166b30, EFLAGS=0x00010202

Register to memory mapping:

EAX=0x0500fac8
0x0500fac8 is pointing into the stack for thread: 0x02608c00
"AWT-Windows" daemon prio=6 tid=0x02608c00 nid=0x2344 runnable [0x0500f000]
   java.lang.Thread.State: RUNNABLE

EBX=0x0580cf48
0x0580cf48 is pointing to unknown location

ECX=0x000002d8
0x000002d8 is pointing to unknown location

EDX=0x00000180
0x00000180 is pointing to unknown location

ESP=0x0500fab0
0x0500fab0 is pointing into the stack for thread: 0x02608c00
"AWT-Windows" daemon prio=6 tid=0x02608c00 nid=0x2344 runnable [0x0500f000]
   java.lang.Thread.State: RUNNABLE

EBP=0x76711450
0x76711450 is pointing to unknown location

ESI=0x00000000
0x00000000 is pointing to unknown location

EDI=0x00000180
0x00000180 is pointing to unknown location


Top of Stack: (sp=0x0500fab0)
0x0500fab0:   0500fac8 00001000 00000000 02618b50
0x0500fac0:   00000001 0500fab8 0500fabc 6d15e4fd
0x0500fad0:   00000000 00000000 02618b50 6d15e5ca
0x0500fae0:   00000000 02618b50 00000001 6d15e6ce
0x0500faf0:   02618b50 6d113812 0259c7f8 00000000
0x0500fb00:   6d160630 00000001 6d1b2f58 6d1b2940
0x0500fb10:   0259c7f8 6d161a32 6d1b2f50 6d161c19
0x0500fb20:   6d14a4b3 00000000 00002344 00000000 

Instructions: (pc=0x6d166b30)
0x6d166b20:   05 00 20 00 00 50 c1 e2 05 8d 44 24 14 50 8b fa
0x6d166b30:   8b 16 57 c1 e1 05 51 56 ff 52 2c 85 c0 0f 8c 93 


Stack: [0x04fc0000,0x05010000],  sp=0x0500fab0,  free space=318k
Native frames: (J=compiled Java code, j=interpreted, Vv=VM code, C=native code)
C  [awt.dll+0xb6b30]

Java frames: (J=compiled Java code, j=interpreted, Vv=VM code)
j  sun.awt.windows.WToolkit.eventLoop()V+0
j  sun.awt.windows.WToolkit.run()V+52
j  java.lang.Thread.run()V+11
v  ~StubRoutines::call_stub

---------------  P R O C E S S  ---------------

Java Threads: ( => current thread )
  0x025e1c00 JavaThread "Thread-1" daemon [_thread_in_native, id=11636, stack(0x05170000,0x051c0000)]
  0x058b8800 JavaThread "TimerQueue" daemon [_thread_blocked, id=2516, stack(0x08080000,0x080d0000)]
  0x05867800 JavaThread "D3D Screen Updater" daemon [_thread_blocked, id=8472, stack(0x07630000,0x07680000)]
  0x003e9000 JavaThread "DestroyJavaVM" [_thread_blocked, id=5980, stack(0x00440000,0x00490000)]
  0x02610800 JavaThread "AWT-EventQueue-0" [_thread_blocked, id=6124, stack(0x05a40000,0x05a90000)]
=>0x02608c00 JavaThread "AWT-Windows" daemon [_thread_in_native, id=9028, stack(0x04fc0000,0x05010000)]
  0x02608800 JavaThread "AWT-Shutdown" [_thread_blocked, id=8900, stack(0x04f30000,0x04f80000)]
  0x02605c00 JavaThread "Java2D Disposer" daemon [_thread_blocked, id=8220, stack(0x04ea0000,0x04ef0000)]
  0x025b6800 JavaThread "Low Memory Detector" daemon [_thread_blocked, id=8204, stack(0x04af0000,0x04b40000)]
  0x025a8000 JavaThread "CompilerThread0" daemon [_thread_blocked, id=1992, stack(0x04a60000,0x04ab0000)]
  0x025a6c00 JavaThread "Attach Listener" daemon [_thread_blocked, id=8476, stack(0x049d0000,0x04a20000)]
  0x025a3c00 JavaThread "Signal Dispatcher" daemon [_thread_blocked, id=1544, stack(0x04940000,0x04990000)]
  0x0259a800 JavaThread "Finalizer" daemon [_thread_blocked, id=8052, stack(0x048b0000,0x04900000)]
  0x02599400 JavaThread "Reference Handler" daemon [_thread_blocked, id=8676, stack(0x04820000,0x04870000)]

Other Threads:
  0x0255d800 VMThread [stack: 0x04790000,0x047e0000] [id=7920]
  0x025bfc00 WatcherThread [stack: 0x04b80000,0x04bd0000] [id=6752]

VM state:not at safepoint (normal execution)

VM Mutex/Monitor currently owned by a thread: None

Heap
 def new generation   total 8000K, used 4954K [0x24740000, 0x24fe0000, 0x29c90000)
  eden space 7168K,  69% used [0x24740000, 0x24c168f0, 0x24e40000)
  from space 832K,   0% used [0x24e40000, 0x24e40000, 0x24f10000)
  to   space 832K,   0% used [0x24f10000, 0x24f10000, 0x24fe0000)
 tenured generation   total 17516K, used 10507K [0x29c90000, 0x2adab000, 0x34740000)
   the space 17516K,  59% used [0x29c90000, 0x2a6d2ea0, 0x2a6d3000, 0x2adab000)
 compacting perm gen  total 12288K, used 3305K [0x34740000, 0x35340000, 0x38740000)
   the space 12288K,  26% used [0x34740000, 0x34a7a5f8, 0x34a7a600, 0x35340000)
    ro space 10240K,  54% used [0x38740000, 0x38cbd9f8, 0x38cbda00, 0x39140000)
    rw space 12288K,  55% used [0x39140000, 0x397e13f8, 0x397e1400, 0x39d40000)

Dynamic libraries:
0x00400000 - 0x00424000 	C:\Program Files (x86)\Java\jdk1.6.0_24\bin\java.exe
0x77a10000 - 0x77b90000 	C:\Windows\SysWOW64\ntdll.dll
0x76700000 - 0x76800000 	C:\Windows\syswow64\kernel32.dll
0x766b0000 - 0x766f6000 	C:\Windows\syswow64\KERNELBASE.dll
0x768d0000 - 0x76970000 	C:\Windows\syswow64\ADVAPI32.dll
0x76510000 - 0x765bc000 	C:\Windows\syswow64\msvcrt.dll
0x77420000 - 0x77439000 	C:\Windows\SysWOW64\sechost.dll
0x765c0000 - 0x766b0000 	C:\Windows\syswow64\RPCRT4.dll
0x75580000 - 0x755e0000 	C:\Windows\syswow64\SspiCli.dll
0x75570000 - 0x7557c000 	C:\Windows\syswow64\CRYPTBASE.dll
0x7c340000 - 0x7c396000 	C:\Program Files (x86)\Java\jdk1.6.0_24\jre\bin\msvcr71.dll
0x6d8a0000 - 0x6db46000 	C:\Program Files (x86)\Java\jdk1.6.0_24\jre\bin\client\jvm.dll
0x76e80000 - 0x76f80000 	C:\Windows\syswow64\USER32.dll
0x76970000 - 0x76a00000 	C:\Windows\syswow64\GDI32.dll
0x76320000 - 0x7632a000 	C:\Windows\syswow64\LPK.dll
0x76f80000 - 0x7701d000 	C:\Windows\syswow64\USP10.dll
0x71f20000 - 0x71f52000 	C:\Windows\system32\WINMM.dll
0x77020000 - 0x77080000 	C:\Windows\system32\IMM32.DLL
0x76800000 - 0x768cc000 	C:\Windows\syswow64\MSCTF.dll
0x70d30000 - 0x70d7b000 	C:\Windows\system32\apphelp.dll
0x6d850000 - 0x6d85c000 	C:\Program Files (x86)\Java\jdk1.6.0_24\jre\bin\verify.dll
0x6d3d0000 - 0x6d3ef000 	C:\Program Files (x86)\Java\jdk1.6.0_24\jre\bin\java.dll
0x6d330000 - 0x6d338000 	C:\Program Files (x86)\Java\jdk1.6.0_24\jre\bin\hpi.dll
0x779e0000 - 0x779e5000 	C:\Windows\syswow64\PSAPI.DLL
0x6d890000 - 0x6d89f000 	C:\Program Files (x86)\Java\jdk1.6.0_24\jre\bin\zip.dll
0x6d0b0000 - 0x6d1fa000 	C:\Program Files (x86)\Java\jdk1.6.0_24\jre\bin\awt.dll
0x71e80000 - 0x71ed1000 	C:\Windows\system32\WINSPOOL.DRV
0x76d20000 - 0x76e7c000 	C:\Windows\syswow64\ole32.dll
0x6fcf0000 - 0x6fe8e000 	C:\Windows\WinSxS\x86_microsoft.windows.common-controls_6595b64144ccf1df_6.0.7600.16385_none_421189da2b7fabfc\COMCTL32.dll
0x770b0000 - 0x77107000 	C:\Windows\syswow64\SHLWAPI.dll
0x6d030000 - 0x6d043000 	C:\Windows\system32\DWMAPI.DLL
0x04bd0000 - 0x04c50000 	C:\Windows\system32\uxtheme.dll
0x755e0000 - 0x76229000 	C:\Windows\syswow64\shell32.dll
0x6d2e0000 - 0x6d32f000 	C:\Program Files (x86)\Java\jdk1.6.0_24\jre\bin\fontmanager.dll
0x66390000 - 0x66553000 	C:\Windows\system32\d3d9.dll
0x72cd0000 - 0x72cd9000 	C:\Windows\system32\VERSION.dll
0x6cf60000 - 0x6cf66000 	C:\Windows\system32\d3d8thk.dll
0x0f560000 - 0x103b9000 	C:\Windows\system32\nvd3dum.dll
0x717f0000 - 0x71815000 	C:\Windows\system32\powrprof.dll
0x77110000 - 0x772ad000 	C:\Windows\syswow64\SETUPAPI.dll
0x77080000 - 0x770a7000 	C:\Windows\syswow64\CFGMGR32.dll
0x76a40000 - 0x76acf000 	C:\Windows\syswow64\OLEAUT32.dll
0x774d0000 - 0x774e2000 	C:\Windows\syswow64\DEVOBJ.dll
0x6d250000 - 0x6d273000 	C:\Program Files (x86)\Java\jdk1.6.0_24\jre\bin\dcpr.dll
0x6d6b0000 - 0x6d6c3000 	C:\Program Files (x86)\Java\jdk1.6.0_24\jre\bin\net.dll
0x76a00000 - 0x76a35000 	C:\Windows\syswow64\WS2_32.dll
0x76450000 - 0x76456000 	C:\Windows\syswow64\NSI.dll
0x707c0000 - 0x707fc000 	C:\Windows\system32\mswsock.dll
0x707b0000 - 0x707b6000 	C:\Windows\System32\wship6.dll
0x6d6d0000 - 0x6d6d9000 	C:\Program Files (x86)\Java\jdk1.6.0_24\jre\bin\nio.dll
0x707a0000 - 0x707a5000 	C:\Windows\System32\wshtcpip.dll
0x6fb00000 - 0x6fb44000 	C:\Windows\system32\DNSAPI.dll
0x72dd0000 - 0x72dec000 	C:\Windows\system32\IPHLPAPI.DLL
0x72dc0000 - 0x72dc7000 	C:\Windows\system32\WINNSI.DLL
0x6faf0000 - 0x6faf6000 	C:\Windows\system32\rasadhlp.dll
0x6cbc0000 - 0x6cbf8000 	C:\Windows\System32\fwpuclnt.dll

VM Arguments:
jvm_args: -Dfile.encoding=UTF-8 
java_command: urban.sales.Home
Launcher Type: SUN_STANDARD

Environment Variables:
PATH=C:\Windows\system32;C:\Windows;C:\Windows\System32\Wbem;C:\Windows\System32\WindowsPowerShell\v1.0\;C:\xampp\php;C:\composer;C:\Program Files\nodejs\;C:\Program Files\Git\cmd;C:\Users\vicky\AppData\Roaming\Composer\vendor\bin;C:\Users\vicky\AppData\Roaming\npm;C:\Users\vicky\AppData\Local\Programs\Microsoft VS Code\bin
USERNAME=vicky
OS=Windows_NT
PROCESSOR_IDENTIFIER=Intel64 Family 6 Model 37 Stepping 2, GenuineIntel



---------------  S Y S T E M  ---------------

OS: Windows 7 Build 7600 

CPU:total 4 (2 cores per cpu, 2 threads per core) family 6 model 37 stepping 2, cmov, cx8, fxsr, mmx, sse, sse2, sse3, ssse3, sse4.1, sse4.2, popcnt, ht

Memory: 4k page, physical 8370268k(5531284k free), swap 16738632k(12549768k free)

vm_info: Java HotSpot(TM) Client VM (19.1-b02) for windows-x86 JRE (1.6.0_24-b07), built on Feb  2 2011 17:44:41 by "java_re" with MS VC++ 7.1 (VS2003)

time: Sun Apr 26 22:13:56 2020
elapsed time: 77276 seconds

