#
# A fatal error has been detected by the Java Runtime Environment:
#
#  EXCEPTION_ACCESS_VIOLATION (0xc0000005) at pc=0x6d166b30, pid=7904, tid=10416
#
# JRE version: 6.0_24-b07
# Java VM: Java HotSpot(TM) Client VM (19.1-b02 mixed mode, sharing windows-x86 )
# Problematic frame:
# C  [awt.dll+0xb6b30]
#
# If you would like to submit a bug report, please visit:
#   http://java.sun.com/webapps/bugreport/crash.jsp
# The crash happened outside the Java Virtual Machine in native code.
# See problematic frame for where to report the bug.
#

---------------  T H R E A D  ---------------

Current thread (0x02546800):  JavaThread "AWT-Windows" daemon [_thread_in_native, id=10416, stack(0x04f20000,0x04f70000)]

siginfo: ExceptionCode=0xc0000005, reading address 0x00000000

Registers:
EAX=0x04f6fac8, EBX=0x070aa070, ECX=0x00000018, EDX=0x00000180
ESP=0x04f6fab0, EBP=0x76d01450, ESI=0x00000000, EDI=0x00000180
EIP=0x6d166b30, EFLAGS=0x00010202

Register to memory mapping:

EAX=0x04f6fac8
0x04f6fac8 is pointing into the stack for thread: 0x02546800
"AWT-Windows" daemon prio=6 tid=0x02546800 nid=0x28b0 runnable [0x04f6f000]
   java.lang.Thread.State: RUNNABLE

EBX=0x070aa070
0x070aa070 is pointing to unknown location

ECX=0x00000018
0x00000018 is pointing to unknown location

EDX=0x00000180
0x00000180 is pointing to unknown location

ESP=0x04f6fab0
0x04f6fab0 is pointing into the stack for thread: 0x02546800
"AWT-Windows" daemon prio=6 tid=0x02546800 nid=0x28b0 runnable [0x04f6f000]
   java.lang.Thread.State: RUNNABLE

EBP=0x76d01450
0x76d01450 is pointing to unknown location

ESI=0x00000000
0x00000000 is pointing to unknown location

EDI=0x00000180
0x00000180 is pointing to unknown location


Top of Stack: (sp=0x04f6fab0)
0x04f6fab0:   04f6fac8 00001000 00000000 0255ac28
0x04f6fac0:   00000001 04f6fab8 04f6fabc 6d15e4fd
0x04f6fad0:   00000000 00000000 0255ac28 6d15e5ca
0x04f6fae0:   00000000 0255ac28 00000001 6d15e6ce
0x04f6faf0:   0255ac28 6d113812 024dc8a0 00000000
0x04f6fb00:   6d160630 00000001 6d1b2f58 6d1b2940
0x04f6fb10:   024dc8a0 6d161a32 6d1b2f50 6d161c19
0x04f6fb20:   6d14a4b3 00000000 000028b0 00000000 

Instructions: (pc=0x6d166b30)
0x6d166b20:   05 00 20 00 00 50 c1 e2 05 8d 44 24 14 50 8b fa
0x6d166b30:   8b 16 57 c1 e1 05 51 56 ff 52 2c 85 c0 0f 8c 93 


Stack: [0x04f20000,0x04f70000],  sp=0x04f6fab0,  free space=318k
Native frames: (J=compiled Java code, j=interpreted, Vv=VM code, C=native code)
C  [awt.dll+0xb6b30]

Java frames: (J=compiled Java code, j=interpreted, Vv=VM code)
j  sun.awt.windows.WToolkit.eventLoop()V+0
j  sun.awt.windows.WToolkit.run()V+52
j  java.lang.Thread.run()V+11
v  ~StubRoutines::call_stub

---------------  P R O C E S S  ---------------

Java Threads: ( => current thread )
  0x071c8000 JavaThread "Thread-1" daemon [_thread_in_native, id=12468, stack(0x050d0000,0x05120000)]
  0x07156c00 JavaThread "TimerQueue" daemon [_thread_blocked, id=11340, stack(0x08a30000,0x08a80000)]
  0x00659400 JavaThread "DestroyJavaVM" [_thread_blocked, id=11128, stack(0x005d0000,0x00620000)]
  0x02552400 JavaThread "AWT-EventQueue-0" [_thread_blocked, id=7892, stack(0x057a0000,0x057f0000)]
=>0x02546800 JavaThread "AWT-Windows" daemon [_thread_in_native, id=10416, stack(0x04f20000,0x04f70000)]
  0x02546000 JavaThread "AWT-Shutdown" [_thread_blocked, id=11640, stack(0x04d50000,0x04da0000)]
  0x02543800 JavaThread "Java2D Disposer" daemon [_thread_blocked, id=11248, stack(0x04ca0000,0x04cf0000)]
  0x024ec400 JavaThread "Low Memory Detector" daemon [_thread_blocked, id=10500, stack(0x04aa0000,0x04af0000)]
  0x024e8000 JavaThread "CompilerThread0" daemon [_thread_blocked, id=11308, stack(0x04a10000,0x04a60000)]
  0x024e5000 JavaThread "Attach Listener" daemon [_thread_blocked, id=11416, stack(0x04980000,0x049d0000)]
  0x024e2000 JavaThread "Signal Dispatcher" daemon [_thread_blocked, id=7868, stack(0x048f0000,0x04940000)]
  0x024da800 JavaThread "Finalizer" daemon [_thread_blocked, id=4216, stack(0x04860000,0x048b0000)]
  0x024d9400 JavaThread "Reference Handler" daemon [_thread_blocked, id=10788, stack(0x047d0000,0x04820000)]

Other Threads:
  0x0249d800 VMThread [stack: 0x04740000,0x04790000] [id=10460]
  0x024f6800 WatcherThread [stack: 0x04b30000,0x04b80000] [id=10208]

VM state:not at safepoint (normal execution)

VM Mutex/Monitor currently owned by a thread: None

Heap
 def new generation   total 4992K, used 4278K [0x24740000, 0x24ca0000, 0x29c90000)
  eden space 4480K,  84% used [0x24740000, 0x24aedac0, 0x24ba0000)
  from space 512K, 100% used [0x24ba0000, 0x24c20000, 0x24c20000)
  to   space 512K,   0% used [0x24c20000, 0x24c20000, 0x24ca0000)
 tenured generation   total 10944K, used 9691K [0x29c90000, 0x2a740000, 0x34740000)
   the space 10944K,  88% used [0x29c90000, 0x2a606ef8, 0x2a607000, 0x2a740000)
 compacting perm gen  total 12288K, used 3167K [0x34740000, 0x35340000, 0x38740000)
   the space 12288K,  25% used [0x34740000, 0x34a57c30, 0x34a57e00, 0x35340000)
    ro space 10240K,  54% used [0x38740000, 0x38cbd9f8, 0x38cbda00, 0x39140000)
    rw space 12288K,  55% used [0x39140000, 0x397e13f8, 0x397e1400, 0x39d40000)

Dynamic libraries:
0x00400000 - 0x00424000 	C:\Program Files (x86)\Java\jdk1.6.0_24\bin\java.exe
0x774b0000 - 0x77630000 	C:\Windows\SysWOW64\ntdll.dll
0x76cf0000 - 0x76df0000 	C:\Windows\syswow64\kernel32.dll
0x759c0000 - 0x75a06000 	C:\Windows\syswow64\KERNELBASE.dll
0x75ed0000 - 0x75f70000 	C:\Windows\syswow64\ADVAPI32.dll
0x75c70000 - 0x75d1c000 	C:\Windows\syswow64\msvcrt.dll
0x75c50000 - 0x75c69000 	C:\Windows\SysWOW64\sechost.dll
0x76df0000 - 0x76ee0000 	C:\Windows\syswow64\RPCRT4.dll
0x75020000 - 0x75080000 	C:\Windows\syswow64\SspiCli.dll
0x75010000 - 0x7501c000 	C:\Windows\syswow64\CRYPTBASE.dll
0x7c340000 - 0x7c396000 	C:\Program Files (x86)\Java\jdk1.6.0_24\jre\bin\msvcr71.dll
0x6d8a0000 - 0x6db46000 	C:\Program Files (x86)\Java\jdk1.6.0_24\jre\bin\client\jvm.dll
0x75490000 - 0x75590000 	C:\Windows\syswow64\USER32.dll
0x75f80000 - 0x76010000 	C:\Windows\syswow64\GDI32.dll
0x75f70000 - 0x75f7a000 	C:\Windows\syswow64\LPK.dll
0x753f0000 - 0x7548d000 	C:\Windows\syswow64\USP10.dll
0x6fd50000 - 0x6fd82000 	C:\Windows\system32\WINMM.dll
0x75be0000 - 0x75c40000 	C:\Windows\system32\IMM32.DLL
0x75d20000 - 0x75dec000 	C:\Windows\syswow64\MSCTF.dll
0x6ef90000 - 0x6efdb000 	C:\Windows\system32\apphelp.dll
0x6d850000 - 0x6d85c000 	C:\Program Files (x86)\Java\jdk1.6.0_24\jre\bin\verify.dll
0x6d3d0000 - 0x6d3ef000 	C:\Program Files (x86)\Java\jdk1.6.0_24\jre\bin\java.dll
0x6d330000 - 0x6d338000 	C:\Program Files (x86)\Java\jdk1.6.0_24\jre\bin\hpi.dll
0x75c40000 - 0x75c45000 	C:\Windows\syswow64\PSAPI.DLL
0x6d890000 - 0x6d89f000 	C:\Program Files (x86)\Java\jdk1.6.0_24\jre\bin\zip.dll
0x6d0b0000 - 0x6d1fa000 	C:\Program Files (x86)\Java\jdk1.6.0_24\jre\bin\awt.dll
0x6f3f0000 - 0x6f441000 	C:\Windows\system32\WINSPOOL.DRV
0x75590000 - 0x756ec000 	C:\Windows\syswow64\ole32.dll
0x70160000 - 0x702fe000 	C:\Windows\WinSxS\x86_microsoft.windows.common-controls_6595b64144ccf1df_6.0.7600.16385_none_421189da2b7fabfc\COMCTL32.dll
0x76c60000 - 0x76cb7000 	C:\Windows\syswow64\SHLWAPI.dll
0x749e0000 - 0x749f3000 	C:\Windows\system32\DWMAPI.DLL
0x700d0000 - 0x70150000 	C:\Windows\system32\uxtheme.dll
0x76010000 - 0x76c59000 	C:\Windows\syswow64\shell32.dll
0x6d2e0000 - 0x6d32f000 	C:\Program Files (x86)\Java\jdk1.6.0_24\jre\bin\fontmanager.dll
0x057f0000 - 0x059b3000 	C:\Windows\system32\d3d9.dll
0x72770000 - 0x72779000 	C:\Windows\system32\VERSION.dll
0x6cef0000 - 0x6cef6000 	C:\Windows\system32\d3d8thk.dll
0x0fca0000 - 0x10af9000 	C:\Windows\system32\nvd3dum.dll
0x71340000 - 0x71365000 	C:\Windows\system32\powrprof.dll
0x75080000 - 0x7521d000 	C:\Windows\syswow64\SETUPAPI.dll
0x76cc0000 - 0x76ce7000 	C:\Windows\syswow64\CFGMGR32.dll
0x75a50000 - 0x75adf000 	C:\Windows\syswow64\OLEAUT32.dll
0x75e50000 - 0x75e62000 	C:\Windows\syswow64\DEVOBJ.dll
0x6d250000 - 0x6d273000 	C:\Program Files (x86)\Java\jdk1.6.0_24\jre\bin\dcpr.dll
0x6d6b0000 - 0x6d6c3000 	C:\Program Files (x86)\Java\jdk1.6.0_24\jre\bin\net.dll
0x758f0000 - 0x75925000 	C:\Windows\syswow64\WS2_32.dll
0x75a40000 - 0x75a46000 	C:\Windows\syswow64\NSI.dll
0x70080000 - 0x700bc000 	C:\Windows\system32\mswsock.dll
0x70070000 - 0x70076000 	C:\Windows\System32\wship6.dll
0x6d6d0000 - 0x6d6d9000 	C:\Program Files (x86)\Java\jdk1.6.0_24\jre\bin\nio.dll
0x70060000 - 0x70065000 	C:\Windows\System32\wshtcpip.dll
0x6efe0000 - 0x6f024000 	C:\Windows\system32\DNSAPI.dll
0x72870000 - 0x7288c000 	C:\Windows\system32\IPHLPAPI.DLL
0x72860000 - 0x72867000 	C:\Windows\system32\WINNSI.DLL
0x6e8a0000 - 0x6e8a6000 	C:\Windows\system32\rasadhlp.dll
0x749a0000 - 0x749d8000 	C:\Windows\System32\fwpuclnt.dll

VM Arguments:
jvm_args: -Dfile.encoding=UTF-8 
java_command: urban.sales.Home
Launcher Type: SUN_STANDARD

Environment Variables:
PATH=C:\Windows\system32;C:\Windows;C:\Windows\System32\Wbem;C:\Windows\System32\WindowsPowerShell\v1.0\;C:\xampp\php;C:\composer;C:\Program Files\nodejs\;C:\Program Files\Git\cmd;C:\Users\vicky\AppData\Roaming\Composer\vendor\bin;C:\Users\vicky\AppData\Roaming\npm;C:\Users\vicky\AppData\Local\Programs\Microsoft VS Code\bin
USERNAME=vicky
OS=Windows_NT
PROCESSOR_IDENTIFIER=Intel64 Family 6 Model 37 Stepping 2, GenuineIntel



---------------  S Y S T E M  ---------------

OS: Windows 7 Build 7600 

CPU:total 4 (2 cores per cpu, 2 threads per core) family 6 model 37 stepping 2, cmov, cx8, fxsr, mmx, sse, sse2, sse3, ssse3, sse4.1, sse4.2, popcnt, ht

Memory: 4k page, physical 8370268k(5224968k free), swap 16738632k(12132844k free)

vm_info: Java HotSpot(TM) Client VM (19.1-b02) for windows-x86 JRE (1.6.0_24-b07), built on Feb  2 2011 17:44:41 by "java_re" with MS VC++ 7.1 (VS2003)

time: Fri Apr 24 11:52:57 2020
elapsed time: 126585 seconds

